app/build/intermediates/manifest_merge_blame_file/debug/manifest-merger-blame-debug-report.txt
1<?xml version="1.0" encoding="utf-8"?>
2<manifest xmlns:android="http://schemas.android.com/apk/res/android"
3    package="com.example.warroom"
4    android:versionCode="1"
5    android:versionName="1.0" >
6
7    <uses-sdk
8        android:minSdkVersion="21"
8-->src\main\AndroidManifest.xml
9        android:targetSdkVersion="33" />
9-->src\main\AndroidManifest.xml
10
11    <!-- Although the *SdkVersion is captured in gradle build files, this is required for non gradle builds -->
12    <!-- <uses-sdk android:minSdkVersion="14" /> -->
13    <uses-permission android:name="android.permission.ACCESS_NETWORK_STATE" />
13-->[com.google.firebase:firebase-firestore:24.4.3] AndroidManifest.xml:12:5-79
13-->[com.google.firebase:firebase-firestore:24.4.3] AndroidManifest.xml:12:22-76
14    <uses-permission android:name="android.permission.INTERNET" />
14-->[com.google.firebase:firebase-firestore:24.4.3] AndroidManifest.xml:13:5-67
14-->[com.google.firebase:firebase-firestore:24.4.3] AndroidManifest.xml:13:22-64
15
16    <permission
16-->[androidx.core:core:1.9.0] AndroidManifest.xml:22:5-24:47
17        android:name="com.example.warroom.DYNAMIC_RECEIVER_NOT_EXPORTED_PERMISSION"
17-->[androidx.core:core:1.9.0] AndroidManifest.xml:23:9-81
18        android:protectionLevel="signature" />
18-->[androidx.core:core:1.9.0] AndroidManifest.xml:24:9-44
19
20    <uses-permission android:name="com.example.warroom.DYNAMIC_RECEIVER_NOT_EXPORTED_PERMISSION" />
20-->[androidx.core:core:1.9.0] AndroidManifest.xml:26:5-97
20-->[androidx.core:core:1.9.0] AndroidManifest.xml:26:22-94
21
22    <application
22-->src\main\AndroidManifest.xml:5:5-43:19
23        android:allowBackup="true"
23-->src\main\AndroidManifest.xml:6:9-35
24        android:appComponentFactory="androidx.core.app.CoreComponentFactory"
24-->[androidx.core:core:1.9.0] AndroidManifest.xml:28:18-86
25        android:dataExtractionRules="@xml/data_extraction_rules"
25-->src\main\AndroidManifest.xml:7:9-65
26        android:debuggable="true"
27        android:fullBackupContent="@xml/backup_rules"
27-->src\main\AndroidManifest.xml:8:9-54
28        android:icon="@mipmap/ic_launcher_war_room"
28-->src\main\AndroidManifest.xml:9:9-52
29        android:label="@string/app_name"
29-->src\main\AndroidManifest.xml:10:9-41
30        android:roundIcon="@mipmap/ic_launcher_war_room_round"
30-->src\main\AndroidManifest.xml:11:9-63
31        android:supportsRtl="true"
31-->src\main\AndroidManifest.xml:12:9-35
32        android:testOnly="true"
33        android:theme="@style/Theme.WarRoom1" >
33-->src\main\AndroidManifest.xml:13:9-46
34        <activity
34-->src\main\AndroidManifest.xml:15:9-27:20
35            android:name="com.example.warroom.activities.LoginActivity"
35-->src\main\AndroidManifest.xml:16:13-53
36            android:exported="true" >
36-->src\main\AndroidManifest.xml:17:13-36
37            <intent-filter>
37-->src\main\AndroidManifest.xml:18:13-22:29
38                <action android:name="android.intent.action.MAIN" />
38-->src\main\AndroidManifest.xml:19:17-69
38-->src\main\AndroidManifest.xml:19:25-66
39
40                <category android:name="android.intent.category.LAUNCHER" />
40-->src\main\AndroidManifest.xml:21:17-77
40-->src\main\AndroidManifest.xml:21:27-74
41            </intent-filter>
42
43            <meta-data
43-->src\main\AndroidManifest.xml:24:13-26:36
44                android:name="android.app.lib_name"
44-->src\main\AndroidManifest.xml:25:17-52
45                android:value="" />
45-->src\main\AndroidManifest.xml:26:17-33
46        </activity>
47        <activity
47-->src\main\AndroidManifest.xml:29:9-32:20
48            android:name="com.example.warroom.activities.WelcomeActivity"
48-->src\main\AndroidManifest.xml:30:13-55
49            android:exported="true" >
49-->src\main\AndroidManifest.xml:31:13-36
50        </activity>
51        <activity
51-->src\main\AndroidManifest.xml:34:9-37:20
52            android:name="com.example.warroom.activities.RegisterActivity"
52-->src\main\AndroidManifest.xml:35:13-56
53            android:exported="true" >
53-->src\main\AndroidManifest.xml:36:13-36
54        </activity>
55        <activity
55-->src\main\AndroidManifest.xml:39:9-42:20
56            android:name="com.example.warroom.activities.ForgotPasswordActivity"
56-->src\main\AndroidManifest.xml:40:13-62
57            android:exported="true" >
57-->src\main\AndroidManifest.xml:41:13-36
58        </activity>
59
60        <service
60-->[com.google.firebase:firebase-firestore-ktx:24.4.3] AndroidManifest.xml:11:9-17:19
61            android:name="com.google.firebase.components.ComponentDiscoveryService"
61-->[com.google.firebase:firebase-firestore-ktx:24.4.3] AndroidManifest.xml:12:13-84
62            android:directBootAware="true"
62-->[com.google.firebase:firebase-common:20.3.0] AndroidManifest.xml:34:13-43
63            android:exported="false" >
63-->[com.google.firebase:firebase-firestore-ktx:24.4.3] AndroidManifest.xml:13:13-37
64            <meta-data
64-->[com.google.firebase:firebase-firestore-ktx:24.4.3] AndroidManifest.xml:14:13-16:85
65                android:name="com.google.firebase.components:com.google.firebase.firestore.ktx.FirebaseFirestoreKtxRegistrar"
65-->[com.google.firebase:firebase-firestore-ktx:24.4.3] AndroidManifest.xml:15:17-126
66                android:value="com.google.firebase.components.ComponentRegistrar" />
66-->[com.google.firebase:firebase-firestore-ktx:24.4.3] AndroidManifest.xml:16:17-82
67            <meta-data
67-->[com.google.firebase:firebase-auth-ktx:21.1.0] AndroidManifest.xml:11:13-13:85
68                android:name="com.google.firebase.components:com.google.firebase.auth.ktx.FirebaseAuthKtxRegistrar"
68-->[com.google.firebase:firebase-auth-ktx:21.1.0] AndroidManifest.xml:12:17-116
69                android:value="com.google.firebase.components.ComponentRegistrar" />
69-->[com.google.firebase:firebase-auth-ktx:21.1.0] AndroidManifest.xml:13:17-82
70            <meta-data
70-->[com.google.firebase:firebase-common-ktx:20.3.0] AndroidManifest.xml:14:13-16:85
71                android:name="com.google.firebase.components:com.google.firebase.ktx.FirebaseCommonKtxRegistrar"
71-->[com.google.firebase:firebase-common-ktx:20.3.0] AndroidManifest.xml:15:17-113
72                android:value="com.google.firebase.components.ComponentRegistrar" />
72-->[com.google.firebase:firebase-common-ktx:20.3.0] AndroidManifest.xml:16:17-82
73            <meta-data
73-->[com.google.firebase:firebase-firestore:24.4.3] AndroidManifest.xml:19:13-21:85
74                android:name="com.google.firebase.components:com.google.firebase.firestore.FirestoreRegistrar"
74-->[com.google.firebase:firebase-firestore:24.4.3] AndroidManifest.xml:20:17-111
75                android:value="com.google.firebase.components.ComponentRegistrar" />
75-->[com.google.firebase:firebase-firestore:24.4.3] AndroidManifest.xml:21:17-82
76            <meta-data
76-->[com.google.firebase:firebase-auth:21.1.0] AndroidManifest.xml:67:13-69:85
77                android:name="com.google.firebase.components:com.google.firebase.auth.FirebaseAuthRegistrar"
77-->[com.google.firebase:firebase-auth:21.1.0] AndroidManifest.xml:68:17-109
78                android:value="com.google.firebase.components.ComponentRegistrar" />
78-->[com.google.firebase:firebase-auth:21.1.0] AndroidManifest.xml:69:17-82
79        </service>
80
81        <activity
81-->[com.google.firebase:firebase-auth:21.1.0] AndroidManifest.xml:27:9-44:20
82            android:name="com.google.firebase.auth.internal.GenericIdpActivity"
82-->[com.google.firebase:firebase-auth:21.1.0] AndroidManifest.xml:28:13-80
83            android:excludeFromRecents="true"
83-->[com.google.firebase:firebase-auth:21.1.0] AndroidManifest.xml:29:13-46
84            android:exported="true"
84-->[com.google.firebase:firebase-auth:21.1.0] AndroidManifest.xml:30:13-36
85            android:launchMode="singleTask"
85-->[com.google.firebase:firebase-auth:21.1.0] AndroidManifest.xml:31:13-44
86            android:theme="@android:style/Theme.Translucent.NoTitleBar" >
86-->[com.google.firebase:firebase-auth:21.1.0] AndroidManifest.xml:32:13-72
87            <intent-filter>
87-->[com.google.firebase:firebase-auth:21.1.0] AndroidManifest.xml:33:13-43:29
88                <action android:name="android.intent.action.VIEW" />
88-->[com.google.firebase:firebase-auth:21.1.0] AndroidManifest.xml:34:17-69
88-->[com.google.firebase:firebase-auth:21.1.0] AndroidManifest.xml:34:25-66
89
90                <category android:name="android.intent.category.DEFAULT" />
90-->[com.google.firebase:firebase-auth:21.1.0] AndroidManifest.xml:36:17-76
90-->[com.google.firebase:firebase-auth:21.1.0] AndroidManifest.xml:36:27-73
91                <category android:name="android.intent.category.BROWSABLE" />
91-->[com.google.firebase:firebase-auth:21.1.0] AndroidManifest.xml:37:17-78
91-->[com.google.firebase:firebase-auth:21.1.0] AndroidManifest.xml:37:27-75
92
93                <data
93-->[com.google.firebase:firebase-auth:21.1.0] AndroidManifest.xml:39:17-42:51
94                    android:host="firebase.auth"
94-->[com.google.firebase:firebase-auth:21.1.0] AndroidManifest.xml:40:21-49
95                    android:path="/"
95-->[com.google.firebase:firebase-auth:21.1.0] AndroidManifest.xml:41:21-37
96                    android:scheme="genericidp" />
96-->[com.google.firebase:firebase-auth:21.1.0] AndroidManifest.xml:42:21-48
97            </intent-filter>
98        </activity>
99        <activity
99-->[com.google.firebase:firebase-auth:21.1.0] AndroidManifest.xml:45:9-62:20
100            android:name="com.google.firebase.auth.internal.RecaptchaActivity"
100-->[com.google.firebase:firebase-auth:21.1.0] AndroidManifest.xml:46:13-79
101            android:excludeFromRecents="true"
101-->[com.google.firebase:firebase-auth:21.1.0] AndroidManifest.xml:47:13-46
102            android:exported="true"
102-->[com.google.firebase:firebase-auth:21.1.0] AndroidManifest.xml:48:13-36
103            android:launchMode="singleTask"
103-->[com.google.firebase:firebase-auth:21.1.0] AndroidManifest.xml:49:13-44
104            android:theme="@android:style/Theme.Translucent.NoTitleBar" >
104-->[com.google.firebase:firebase-auth:21.1.0] AndroidManifest.xml:50:13-72
105            <intent-filter>
105-->[com.google.firebase:firebase-auth:21.1.0] AndroidManifest.xml:51:13-61:29
106                <action android:name="android.intent.action.VIEW" />
106-->[com.google.firebase:firebase-auth:21.1.0] AndroidManifest.xml:34:17-69
106-->[com.google.firebase:firebase-auth:21.1.0] AndroidManifest.xml:34:25-66
107
108                <category android:name="android.intent.category.DEFAULT" />
108-->[com.google.firebase:firebase-auth:21.1.0] AndroidManifest.xml:36:17-76
108-->[com.google.firebase:firebase-auth:21.1.0] AndroidManifest.xml:36:27-73
109                <category android:name="android.intent.category.BROWSABLE" />
109-->[com.google.firebase:firebase-auth:21.1.0] AndroidManifest.xml:37:17-78
109-->[com.google.firebase:firebase-auth:21.1.0] AndroidManifest.xml:37:27-75
110
111                <data
111-->[com.google.firebase:firebase-auth:21.1.0] AndroidManifest.xml:39:17-42:51
112                    android:host="firebase.auth"
112-->[com.google.firebase:firebase-auth:21.1.0] AndroidManifest.xml:40:21-49
113                    android:path="/"
113-->[com.google.firebase:firebase-auth:21.1.0] AndroidManifest.xml:41:21-37
114                    android:scheme="recaptcha" />
114-->[com.google.firebase:firebase-auth:21.1.0] AndroidManifest.xml:42:21-48
115            </intent-filter>
116        </activity>
117
118        <provider
118-->[com.google.firebase:firebase-common:20.3.0] AndroidManifest.xml:25:9-30:39
119            android:name="com.google.firebase.provider.FirebaseInitProvider"
119-->[com.google.firebase:firebase-common:20.3.0] AndroidManifest.xml:26:13-77
120            android:authorities="com.example.warroom.firebaseinitprovider"
120-->[com.google.firebase:firebase-common:20.3.0] AndroidManifest.xml:27:13-72
121            android:directBootAware="true"
121-->[com.google.firebase:firebase-common:20.3.0] AndroidManifest.xml:28:13-43
122            android:exported="false"
122-->[com.google.firebase:firebase-common:20.3.0] AndroidManifest.xml:29:13-37
123            android:initOrder="100" />
123-->[com.google.firebase:firebase-common:20.3.0] AndroidManifest.xml:30:13-36
124
125        <activity
125-->[com.google.android.gms:play-services-base:18.0.1] AndroidManifest.xml:20:9-22:45
126            android:name="com.google.android.gms.common.api.GoogleApiActivity"
126-->[com.google.android.gms:play-services-base:18.0.1] AndroidManifest.xml:20:19-85
127            android:exported="false"
127-->[com.google.android.gms:play-services-base:18.0.1] AndroidManifest.xml:22:19-43
128            android:theme="@android:style/Theme.Translucent.NoTitleBar" />
128-->[com.google.android.gms:play-services-base:18.0.1] AndroidManifest.xml:21:19-78
129
130        <meta-data
130-->[com.google.android.gms:play-services-basement:18.1.0] AndroidManifest.xml:21:9-23:69
131            android:name="com.google.android.gms.version"
131-->[com.google.android.gms:play-services-basement:18.1.0] AndroidManifest.xml:22:13-58
132            android:value="@integer/google_play_services_version" />
132-->[com.google.android.gms:play-services-basement:18.1.0] AndroidManifest.xml:23:13-66
133
134        <provider
134-->[androidx.emoji2:emoji2:1.2.0] AndroidManifest.xml:24:9-32:20
135            android:name="androidx.startup.InitializationProvider"
135-->[androidx.emoji2:emoji2:1.2.0] AndroidManifest.xml:25:13-67
136            android:authorities="com.example.warroom.androidx-startup"
136-->[androidx.emoji2:emoji2:1.2.0] AndroidManifest.xml:26:13-68
137            android:exported="false" >
137-->[androidx.emoji2:emoji2:1.2.0] AndroidManifest.xml:27:13-37
138            <meta-data
138-->[androidx.emoji2:emoji2:1.2.0] AndroidManifest.xml:29:13-31:52
139                android:name="androidx.emoji2.text.EmojiCompatInitializer"
139-->[androidx.emoji2:emoji2:1.2.0] AndroidManifest.xml:30:17-75
140                android:value="androidx.startup" />
140-->[androidx.emoji2:emoji2:1.2.0] AndroidManifest.xml:31:17-49
141            <meta-data
141-->[androidx.lifecycle:lifecycle-process:2.4.1] AndroidManifest.xml:31:13-33:52
142                android:name="androidx.lifecycle.ProcessLifecycleInitializer"
142-->[androidx.lifecycle:lifecycle-process:2.4.1] AndroidManifest.xml:32:17-78
143                android:value="androidx.startup" />
143-->[androidx.lifecycle:lifecycle-process:2.4.1] AndroidManifest.xml:33:17-49
144        </provider>
145    </application>
146
147</manifest>